<?xml version="1.0" encoding="UTF-8"?>
<coverage generated="1776342453219" clover="3.2.0">
  <project timestamp="1776342453219" name="All files">
    <metrics statements="7" coveredstatements="7" conditionals="2" coveredconditionals="2" methods="3" coveredmethods="3" elements="12" coveredelements="12" complexity="0" loc="7" ncloc="7" packages="2" files="2" classes="2"/>
    <package name="src.views">
      <metrics statements="5" coveredstatements="5" conditionals="2" coveredconditionals="2" methods="1" coveredmethods="1"/>
      <file name="AppointmentsView.vue" path="E:\ti-clinic-teste\ti-clinic-front\src\views\AppointmentsView.vue">
        <metrics statements="5" coveredstatements="5" conditionals="2" coveredconditionals="2" methods="1" coveredmethods="1"/>
        <line num="304" count="1" type="stmt"/>
        <line num="312" count="1" type="stmt"/>
        <line num="318" count="1" type="stmt"/>
        <line num="320" count="1" type="stmt"/>
        <line num="321" count="2" type="cond" truecount="2" falsecount="0"/>
      </file>
    </package>
    <package name="tests.unit.helpers">
      <metrics statements="2" coveredstatements="2" conditionals="0" coveredconditionals="0" methods="2" coveredmethods="2"/>
      <file name="flush-promises.ts" path="E:\ti-clinic-teste\ti-clinic-front\tests\unit\helpers\flush-promises.ts">
        <metrics statements="2" coveredstatements="2" conditionals="0" coveredconditionals="0" methods="2" coveredmethods="2"/>
        <line num="1" count="1" type="stmt"/>
        <line num="2" count="3" type="stmt"/>
      </file>
    </package>
  </project>
</coverage>
