{"E:\\ti-clinic-teste\\ti-clinic-front\\src\\views\\AppointmentsView.vue": {"path":"E:\\ti-clinic-teste\\ti-clinic-front\\src\\views\\AppointmentsView.vue","statementMap":{"0":{"start":{"line":304,"column":0},"end":{"line":304,"column":null}},"1":{"start":{"line":312,"column":0},"end":{"line":312,"column":null}},"2":{"start":{"line":318,"column":0},"end":{"line":318,"column":null}},"3":{"start":{"line":320,"column":0},"end":{"line":320,"column":null}},"4":{"start":{"line":321,"column":0},"end":{"line":321,"column":null}}},"fnMap":{"0":{"name":"_interopRequireDefault","decl":{"start":{"line":321,"column":0},"end":{"line":321,"column":null}},"loc":{"start":{"line":321,"column":0},"end":{"line":321,"column":null}}}},"branchMap":{"0":{"loc":{"start":{"line":321,"column":0},"end":{"line":321,"column":null}},"type":"cond-expr","locations":[{"start":{"line":321,"column":0},"end":{"line":321,"column":null}},{"start":{"line":321,"column":0},"end":{"line":321,"column":null}}]}},"s":{"0":1,"1":1,"2":1,"3":1,"4":2},"f":{"0":1},"b":{"0":[1,2]}}
,"E:\\ti-clinic-teste\\ti-clinic-front\\tests\\unit\\helpers\\flush-promises.ts": {"path":"E:\\ti-clinic-teste\\ti-clinic-front\\tests\\unit\\helpers\\flush-promises.ts","statementMap":{"0":{"start":{"line":2,"column":2},"end":{"line":2,"column":58}},"1":{"start":{"line":2,"column":34},"end":{"line":2,"column":57}},"2":{"start":{"line":1,"column":0},"end":{"line":1,"column":16}}},"fnMap":{"0":{"name":"flushPromises","decl":{"start":{"line":1,"column":16},"end":{"line":1,"column":29}},"loc":{"start":{"line":1,"column":29},"end":{"line":3,"column":1}}},"1":{"name":"(anonymous_1)","decl":{"start":{"line":2,"column":21},"end":{"line":2,"column":22}},"loc":{"start":{"line":2,"column":29},"end":{"line":2,"column":44}}}},"branchMap":{},"s":{"0":3,"1":3,"2":1},"f":{"0":3,"1":3},"b":{}}
}
